c:\users\jack\desktop\college\ai\lab2\kinematicmovements\kinematicmovements\x64\debug\vc140.pdb
c:\users\jack\desktop\college\ai\lab2\kinematicmovements\kinematicmovements\x64\debug\vc140.idb
c:\users\jack\desktop\college\ai\lab2\kinematicmovements\kinematicmovements\x64\debug\game.obj
c:\users\jack\desktop\college\ai\lab2\kinematicmovements\kinematicmovements\x64\debug\main.obj
c:\users\jack\desktop\college\ai\lab2\kinematicmovements\kinematicmovements\x64\debug\character.obj
c:\users\gameuser\desktop\college\ai\lab2\lab2\kinematicmovements\x64\debug\vc141.pdb
c:\users\gameuser\desktop\college\ai\lab2\lab2\kinematicmovements\x64\debug\vc141.idb
c:\users\gameuser\desktop\college\ai\lab2\lab2\kinematicmovements\x64\debug\character.obj
c:\users\gameuser\desktop\college\ai\lab2\lab2\kinematicmovements\x64\debug\game.obj
c:\users\gameuser\desktop\college\ai\lab2\lab2\kinematicmovements\x64\debug\main.obj
c:\users\jack\desktop\college\ai\lab2\kinematicmovements\x64\debug\kinematicmovements.ilk
c:\users\jack\desktop\college\ai\lab2\kinematicmovements\x64\debug\kinematicmovements.exe
c:\users\jack\desktop\college\ai\lab2\kinematicmovements\x64\debug\kinematicmovements.pdb
c:\users\jack\desktop\college\ai\ai\lab2\lab2\kinematicmovements\x64\debug\character.obj
c:\users\jack\desktop\college\ai\ai\lab2\lab2\kinematicmovements\x64\debug\game.obj
c:\users\jack\desktop\college\ai\ai\lab2\lab2\kinematicmovements\x64\debug\main.obj
c:\users\jack\desktop\college\ai\ai\lab2\lab2\kinematicmovements\x64\debug\vc140.idb
c:\users\jack\desktop\college\ai\ai\lab2\lab2\kinematicmovements\x64\debug\vc141.idb
c:\users\jack\desktop\college\ai\ai\lab2\lab2\kinematicmovements\x64\debug\vc140.pdb
c:\users\jack\desktop\college\ai\ai\lab2\lab2\kinematicmovements\x64\debug\vc141.pdb
c:\users\jack\desktop\college\ai\ai\lab2\lab2\x64\debug\kinematicmovements.pdb
c:\users\jack\desktop\college\ai\ai\lab2\lab2\kinematicmovements\x64\debug\kinemati.ad982737.tlog\cl.command.1.tlog
c:\users\jack\desktop\college\ai\ai\lab2\lab2\kinematicmovements\x64\debug\kinemati.ad982737.tlog\cl.read.1.tlog
c:\users\jack\desktop\college\ai\ai\lab2\lab2\kinematicmovements\x64\debug\kinemati.ad982737.tlog\cl.write.1.tlog
c:\users\jack\desktop\college\ai\ai\lab2\lab2\kinematicmovements\x64\debug\kinemati.ad982737.tlog\link.command.1.tlog
c:\users\jack\desktop\college\ai\ai\lab2\lab2\kinematicmovements\x64\debug\kinemati.ad982737.tlog\link.read.1.tlog
c:\users\jack\desktop\college\ai\ai\lab2\lab2\kinematicmovements\x64\debug\kinemati.ad982737.tlog\link.write.1.tlog
